<?xml version="1.0" encoding="UTF-8"?>
<!-- Generated by org.testng.reporters.JUnitReportReporter -->
<testsuite hostname="TEO-ShahzebShah" failures="0" tests="1" name="shahtest.ScrollDemo" time="11.406" errors="0" timestamp="2025-09-30T11:57:01 PKT" skipped="0">
  <testcase classname="shahtest.ScrollDemo" name="longPress" time="11.406"/>
</testsuite> <!-- shahtest.ScrollDemo -->
