<?xml version="1.0" encoding="UTF-8"?>
<!-- Generated by org.testng.reporters.JUnitReportReporter -->
<testsuite hostname="TEO-ShahzebShah" failures="0" tests="1" name="shahtest.LongPress" time="10.003" errors="0" timestamp="2025-09-29T13:52:29 PKT" skipped="0">
  <testcase classname="shahtest.LongPress" name="longPress" time="10.003"/>
</testsuite> <!-- shahtest.LongPress -->
