<?xml version="1.0" encoding="UTF-8"?>
<!-- Generated by org.testng.reporters.JUnitReportReporter -->
<testsuite hostname="TEO-ShahzebShah" failures="0" tests="1" name="shahtest.SwipeDemo" time="9.125" errors="0" timestamp="2025-09-30T13:01:52 PKT" skipped="0">
  <testcase classname="shahtest.SwipeDemo" name="longPress" time="9.125"/>
</testsuite> <!-- shahtest.SwipeDemo -->
