<?xml version="1.0" encoding="UTF-8"?>
<!-- Generated by org.testng.reporters.JUnitReportReporter -->
<testsuite hostname="TEO-ShahzebShah" failures="0" tests="1" name="shahtest.DragDropDemo" time="7.657" errors="0" timestamp="2025-09-30T15:51:59 PKT" skipped="0">
  <testcase classname="shahtest.DragDropDemo" name="longPress" time="7.657"/>
</testsuite> <!-- shahtest.DragDropDemo -->
