<?xml version="1.0" encoding="UTF-8"?>
<!-- Generated by org.testng.reporters.JUnitReportReporter -->
<testsuite hostname="TEO-ShahzebShah" failures="0" tests="1" name="shahtest.MiscellanousAction" time="15.801" errors="0" timestamp="2025-10-01T14:40:40 PKT" skipped="0">
  <testcase classname="shahtest.MiscellanousAction" name="miscAction" time="15.801"/>
</testsuite> <!-- shahtest.MiscellanousAction -->
